\BOOKMARK [1][-]{section.1}{Prologo}{}% 1
\BOOKMARK [1][-]{section.2}{Fondamenti teorici}{}% 2
\BOOKMARK [2][-]{subsection.2.1}{Successioni di interi, sicurezza, strettezza, \203}{section.2}% 3
\BOOKMARK [2][-]{subsection.2.2}{Mappe tra spazi metrici}{section.2}% 4
\BOOKMARK [2][-]{subsection.2.3}{Similitudini}{section.2}% 5
\BOOKMARK [3][-]{subsubsection.2.3.1}{Forma canonica}{subsection.2.3}% 6
\BOOKMARK [2][-]{subsection.2.4}{Distanza di Hausdorff}{section.2}% 7
\BOOKMARK [2][-]{subsection.2.5}{Misure}{section.2}% 8
\BOOKMARK [2][-]{subsection.2.6}{Teorema fondamentale degli IFS}{section.2}% 9
\BOOKMARK [2][-]{subsection.2.7}{Misura di Hausdorff}{section.2}% 10
\BOOKMARK [2][-]{subsection.2.8}{Dimensione box}{section.2}% 11
\BOOKMARK [2][-]{subsection.2.9}{Propriet\340 di dimH e dimB}{section.2}% 12
\BOOKMARK [2][-]{subsection.2.10}{Tecniche per calcolare dimHA}{section.2}% 13
\BOOKMARK [2][-]{subsection.2.11}{Misure stazionarie}{section.2}% 14
\BOOKMARK [2][-]{subsection.2.12}{Dimensione di similitudine}{section.2}% 15
\BOOKMARK [2][-]{subsection.2.13}{Densit\340 locale e similitudini}{section.2}% 16
\BOOKMARK [2][-]{subsection.2.14}{Barnsley-Vince: IFS topologici, etc.}{section.2}% 17
\BOOKMARK [1][-]{section.3}{Joint spectral radius e norme estreme}{}% 18
\BOOKMARK [2][-]{subsection.3.1}{Raggio spettrale congiunto}{section.3}% 19
\BOOKMARK [2][-]{subsection.3.2}{Corpi convessi e norme}{section.3}% 20
\BOOKMARK [2][-]{subsection.3.3}{JSR e autoinsiemi}{section.3}% 21
\BOOKMARK [2][-]{subsection.3.4}{Norme di Protasov e Barabanov}{section.3}% 22
\BOOKMARK [1][-]{section.4}{Trasformazioni frattali}{}% 23
\BOOKMARK [2][-]{subsection.4.1}{Frazioni continue e mappa di Farey}{section.4}% 24
\BOOKMARK [1][-]{section.5}{Gruppo di M\366bius e geometria inversiva}{}% 25
\BOOKMARK [2][-]{subsection.5.1}{Gruppi fuchsiani/kleiniani}{section.5}% 26
\BOOKMARK [2][-]{subsection.5.2}{Classificazione inversioni}{section.5}% 27
\BOOKMARK [2][-]{subsection.5.3}{Insiemi limite}{section.5}% 28
\BOOKMARK [2][-]{subsection.5.4}{Unificazione di cap e punti}{section.5}% 29
